<?xml version="1.0" encoding="UTF-8"?>
<testng-results ignored="0" total="2" passed="2" failed="0" skipped="0">
  <reporter-output>
  </reporter-output>
  <suite started-at="2025-10-26T20:01:18 IST" name="SkillForge Test Suite" finished-at="2025-10-26T20:01:31 IST" duration-ms="12565">
    <groups>
    </groups>
    <test started-at="2025-10-26T20:01:18 IST" name="SkillForge Functional Tests" finished-at="2025-10-26T20:01:31 IST" duration-ms="12565">
      <class name="testCases.LoginTest">
        <test-method is-config="true" signature="setUp()[pri:0, instance:testCases.LoginTest@3fc79729]" started-at="2025-10-26T20:01:18 IST" name="setUp" finished-at="2025-10-26T20:01:23 IST" duration-ms="4484" status="PASS">
          <reporter-output>
          </reporter-output>
        </test-method> <!-- setUp -->
        <test-method signature="verifyLogin()[pri:0, instance:testCases.LoginTest@3fc79729]" started-at="2025-10-26T20:01:23 IST" name="verifyLogin" description="Verify SkillForge login using valid credentials" finished-at="2025-10-26T20:01:27 IST" duration-ms="3679" status="PASS">
          <reporter-output>
          </reporter-output>
        </test-method> <!-- verifyLogin -->
        <test-method is-config="true" signature="tearDown()[pri:0, instance:testCases.LoginTest@3fc79729]" started-at="2025-10-26T20:01:27 IST" name="tearDown" finished-at="2025-10-26T20:01:27 IST" duration-ms="551" status="PASS">
          <reporter-output>
          </reporter-output>
        </test-method> <!-- tearDown -->
      </class> <!-- testCases.LoginTest -->
      <class name="testCases.RegisterTest">
        <test-method is-config="true" signature="setUp()[pri:0, instance:testCases.RegisterTest@1187c9e8]" started-at="2025-10-26T20:01:27 IST" name="setUp" finished-at="2025-10-26T20:01:29 IST" duration-ms="2308" status="PASS">
          <reporter-output>
          </reporter-output>
        </test-method> <!-- setUp -->
        <test-method signature="verifyUserRegistration()[pri:0, instance:testCases.RegisterTest@1187c9e8]" started-at="2025-10-26T20:01:29 IST" name="verifyUserRegistration" description="Verify SkillForge registration flow" finished-at="2025-10-26T20:01:31 IST" duration-ms="1098" status="PASS">
          <reporter-output>
          </reporter-output>
        </test-method> <!-- verifyUserRegistration -->
        <test-method is-config="true" signature="tearDown()[pri:0, instance:testCases.RegisterTest@1187c9e8]" started-at="2025-10-26T20:01:31 IST" name="tearDown" finished-at="2025-10-26T20:01:31 IST" duration-ms="340" status="PASS">
          <reporter-output>
          </reporter-output>
        </test-method> <!-- tearDown -->
      </class> <!-- testCases.RegisterTest -->
    </test> <!-- SkillForge Functional Tests -->
  </suite> <!-- SkillForge Test Suite -->
</testng-results>
