<?xml version="1.0" encoding="UTF-8"?>
<testng-results ignored="0" total="2" passed="2" failed="0" skipped="0">
  <reporter-output>
  </reporter-output>
  <suite started-at="2025-10-27T07:44:39 IST" name="SkillForge Test Suite" finished-at="2025-10-27T07:44:52 IST" duration-ms="12800">
    <groups>
    </groups>
    <test started-at="2025-10-27T07:44:39 IST" name="SkillForge Functional Tests" finished-at="2025-10-27T07:44:52 IST" duration-ms="12800">
      <class name="testCases.LoginTest">
        <test-method is-config="true" signature="setUp()[pri:0, instance:testCases.LoginTest@64f857e7]" started-at="2025-10-27T07:44:39 IST" name="setUp" finished-at="2025-10-27T07:44:43 IST" duration-ms="4281" status="PASS">
          <reporter-output>
          </reporter-output>
        </test-method> <!-- setUp -->
        <test-method signature="verifyLogin()[pri:0, instance:testCases.LoginTest@64f857e7]" started-at="2025-10-27T07:44:43 IST" name="verifyLogin" description="Verify SkillForge login using valid credentials" finished-at="2025-10-27T07:44:47 IST" duration-ms="3695" status="PASS">
          <reporter-output>
          </reporter-output>
        </test-method> <!-- verifyLogin -->
        <test-method is-config="true" signature="tearDown()[pri:0, instance:testCases.LoginTest@64f857e7]" started-at="2025-10-27T07:44:47 IST" name="tearDown" finished-at="2025-10-27T07:44:47 IST" duration-ms="408" status="PASS">
          <reporter-output>
          </reporter-output>
        </test-method> <!-- tearDown -->
      </class> <!-- testCases.LoginTest -->
      <class name="testCases.RegisterTest">
        <test-method is-config="true" signature="setUp()[pri:0, instance:testCases.RegisterTest@3d6300e8]" started-at="2025-10-27T07:44:47 IST" name="setUp" finished-at="2025-10-27T07:44:50 IST" duration-ms="2427" status="PASS">
          <reporter-output>
          </reporter-output>
        </test-method> <!-- setUp -->
        <test-method signature="verifyUserRegistration()[pri:0, instance:testCases.RegisterTest@3d6300e8]" started-at="2025-10-27T07:44:50 IST" name="verifyUserRegistration" description="Verify SkillForge registration flow" finished-at="2025-10-27T07:44:51 IST" duration-ms="1588" status="PASS">
          <reporter-output>
          </reporter-output>
        </test-method> <!-- verifyUserRegistration -->
        <test-method is-config="true" signature="tearDown()[pri:0, instance:testCases.RegisterTest@3d6300e8]" started-at="2025-10-27T07:44:51 IST" name="tearDown" finished-at="2025-10-27T07:44:52 IST" duration-ms="294" status="PASS">
          <reporter-output>
          </reporter-output>
        </test-method> <!-- tearDown -->
      </class> <!-- testCases.RegisterTest -->
    </test> <!-- SkillForge Functional Tests -->
  </suite> <!-- SkillForge Test Suite -->
</testng-results>
